<?xml version="1.0" encoding="UTF-8"?>
<coverage generated="1708005543381" clover="3.2.0">
  <project timestamp="1708005543381" name="All files">
    <metrics statements="32" coveredstatements="30" conditionals="12" coveredconditionals="8" methods="5" coveredmethods="5" elements="49" coveredelements="43" complexity="0" loc="32" ncloc="32" packages="2" files="3" classes="3"/>
    <package name="Test">
      <metrics statements="18" coveredstatements="16" conditionals="8" coveredconditionals="4" methods="3" coveredmethods="3"/>
      <file name="TestDb.ts" path="C:\Users\mhamm\Desktop\SKM 2.0\backend\src\Test\TestDb.ts">
        <metrics statements="18" coveredstatements="16" conditionals="8" coveredconditionals="4" methods="3" coveredmethods="3"/>
        <line num="17" count="2" type="stmt"/>
        <line num="20" count="2" type="cond" truecount="1" falsecount="1"/>
        <line num="21" count="0" type="stmt"/>
        <line num="27" count="2" type="stmt"/>
        <line num="28" count="2" type="stmt"/>
        <line num="29" count="2" type="stmt"/>
        <line num="31" count="2" type="stmt"/>
        <line num="35" count="2" type="cond" truecount="1" falsecount="1"/>
        <line num="37" count="2" type="stmt"/>
        <line num="40" count="2" type="cond" truecount="1" falsecount="1"/>
        <line num="41" count="2" type="stmt"/>
        <line num="42" count="2" type="stmt"/>
        <line num="45" count="2" type="stmt"/>
        <line num="51" count="10" type="cond" truecount="1" falsecount="1"/>
        <line num="52" count="0" type="stmt"/>
        <line num="56" count="10" type="stmt"/>
        <line num="57" count="10" type="stmt"/>
        <line num="58" count="12" type="stmt"/>
      </file>
    </package>
    <package name="db">
      <metrics statements="14" coveredstatements="14" conditionals="4" coveredconditionals="4" methods="2" coveredmethods="2"/>
      <file name="FahrtModel.ts" path="C:\Users\mhamm\Desktop\SKM 2.0\backend\src\db\FahrtModel.ts">
        <metrics statements="2" coveredstatements="2" conditionals="0" coveredconditionals="0" methods="0" coveredmethods="0"/>
        <line num="17" count="1" type="stmt"/>
        <line num="28" count="1" type="stmt"/>
      </file>
      <file name="UserModel.ts" path="C:\Users\mhamm\Desktop\SKM 2.0\backend\src\db\UserModel.ts">
        <metrics statements="12" coveredstatements="12" conditionals="4" coveredconditionals="4" methods="2" coveredmethods="2"/>
        <line num="28" count="2" type="stmt"/>
        <line num="42" count="2" type="stmt"/>
        <line num="43" count="2" type="cond" truecount="2" falsecount="0"/>
        <line num="44" count="1" type="stmt"/>
        <line num="46" count="1" type="stmt"/>
        <line num="47" count="1" type="stmt"/>
        <line num="50" count="2" type="stmt"/>
        <line num="51" count="18" type="cond" truecount="2" falsecount="0"/>
        <line num="52" count="16" type="stmt"/>
        <line num="53" count="16" type="stmt"/>
        <line num="55" count="18" type="stmt"/>
        <line num="58" count="2" type="stmt"/>
      </file>
    </package>
  </project>
</coverage>
