{"C:\\Users\\mhamm\\Desktop\\SKM 2.0\\backend\\src\\Services\\TestDb.ts": {"path":"C:\\Users\\mhamm\\Desktop\\SKM 2.0\\backend\\src\\Services\\TestDb.ts","statementMap":{"0":{"start":{"line":17,"column":31},"end":{"line":17,"column":36}},"1":{"start":{"line":20,"column":8},"end":{"line":22,"column":9}},"2":{"start":{"line":21,"column":12},"end":{"line":21,"column":58}},"3":{"start":{"line":27,"column":8},"end":{"line":27,"column":56}},"4":{"start":{"line":28,"column":20},"end":{"line":28,"column":41}},"5":{"start":{"line":29,"column":8},"end":{"line":29,"column":36}},"6":{"start":{"line":31,"column":8},"end":{"line":31,"column":32}},"7":{"start":{"line":35,"column":8},"end":{"line":46,"column":9}},"8":{"start":{"line":37,"column":12},"end":{"line":37,"column":46}},"9":{"start":{"line":40,"column":12},"end":{"line":43,"column":13}},"10":{"start":{"line":41,"column":16},"end":{"line":41,"column":36}},"11":{"start":{"line":42,"column":16},"end":{"line":42,"column":41}},"12":{"start":{"line":45,"column":12},"end":{"line":45,"column":37}},"13":{"start":{"line":51,"column":8},"end":{"line":53,"column":9}},"14":{"start":{"line":52,"column":12},"end":{"line":52,"column":54}},"15":{"start":{"line":56,"column":28},"end":{"line":56,"column":74}},"16":{"start":{"line":57,"column":8},"end":{"line":59,"column":9}},"17":{"start":{"line":58,"column":12},"end":{"line":58,"column":44}}},"fnMap":{"0":{"name":"(anonymous_0)","decl":{"start":{"line":19,"column":4},"end":{"line":19,"column":5}},"loc":{"start":{"line":19,"column":27},"end":{"line":32,"column":5}},"line":19},"1":{"name":"(anonymous_1)","decl":{"start":{"line":34,"column":4},"end":{"line":34,"column":5}},"loc":{"start":{"line":34,"column":25},"end":{"line":48,"column":5}},"line":34},"2":{"name":"(anonymous_2)","decl":{"start":{"line":50,"column":4},"end":{"line":50,"column":5}},"loc":{"start":{"line":50,"column":25},"end":{"line":60,"column":5}},"line":50}},"branchMap":{"0":{"loc":{"start":{"line":20,"column":8},"end":{"line":22,"column":9}},"type":"if","locations":[{"start":{"line":20,"column":8},"end":{"line":22,"column":9}},{"start":{},"end":{}}],"line":20},"1":{"loc":{"start":{"line":35,"column":8},"end":{"line":46,"column":9}},"type":"if","locations":[{"start":{"line":35,"column":8},"end":{"line":46,"column":9}},{"start":{},"end":{}}],"line":35},"2":{"loc":{"start":{"line":40,"column":12},"end":{"line":43,"column":13}},"type":"if","locations":[{"start":{"line":40,"column":12},"end":{"line":43,"column":13}},{"start":{},"end":{}}],"line":40},"3":{"loc":{"start":{"line":51,"column":8},"end":{"line":53,"column":9}},"type":"if","locations":[{"start":{"line":51,"column":8},"end":{"line":53,"column":9}},{"start":{},"end":{}}],"line":51}},"s":{"0":1,"1":1,"2":0,"3":1,"4":1,"5":1,"6":1,"7":1,"8":1,"9":1,"10":1,"11":1,"12":1,"13":1,"14":0,"15":1,"16":1,"17":1},"f":{"0":1,"1":1,"2":1},"b":{"0":[0,1],"1":[1,0],"2":[1,0],"3":[0,1]},"_coverageSchema":"1a1c01bbd47fc00a2c39e90264f33305004495a9","hash":"ee78e9700f4ccdf69223015c79448cb7fcfbf9cc"}
,"C:\\Users\\mhamm\\Desktop\\SKM 2.0\\backend\\src\\Services\\UserService.ts": {"path":"C:\\Users\\mhamm\\Desktop\\SKM 2.0\\backend\\src\\Services\\UserService.ts","statementMap":{"0":{"start":{"line":6,"column":39},"end":{"line":15,"column":5}},"1":{"start":{"line":16,"column":4},"end":{"line":16,"column":24}},"2":{"start":{"line":20,"column":4},"end":{"line":22,"column":5}},"3":{"start":{"line":21,"column":8},"end":{"line":21,"column":59}},"4":{"start":{"line":23,"column":17},"end":{"line":23,"column":60}},"5":{"start":{"line":24,"column":4},"end":{"line":26,"column":5}},"6":{"start":{"line":25,"column":8},"end":{"line":25,"column":84}},"7":{"start":{"line":27,"column":4},"end":{"line":27,"column":57}},"8":{"start":{"line":27,"column":27},"end":{"line":27,"column":57}},"9":{"start":{"line":28,"column":4},"end":{"line":28,"column":69}},"10":{"start":{"line":28,"column":31},"end":{"line":28,"column":69}},"11":{"start":{"line":29,"column":4},"end":{"line":29,"column":81}},"12":{"start":{"line":29,"column":49},"end":{"line":29,"column":81}},"13":{"start":{"line":30,"column":4},"end":{"line":30,"column":69}},"14":{"start":{"line":30,"column":31},"end":{"line":30,"column":69}},"15":{"start":{"line":31,"column":4},"end":{"line":31,"column":69}},"16":{"start":{"line":31,"column":31},"end":{"line":31,"column":69}},"17":{"start":{"line":32,"column":4},"end":{"line":32,"column":69}},"18":{"start":{"line":32,"column":31},"end":{"line":32,"column":69}},"19":{"start":{"line":34,"column":22},"end":{"line":34,"column":39}},"20":{"start":{"line":35,"column":4},"end":{"line":35,"column":39}},"21":{"start":{"line":41,"column":18},"end":{"line":41,"column":57}},"22":{"start":{"line":42,"column":26},"end":{"line":42,"column":87}},"23":{"start":{"line":42,"column":62},"end":{"line":42,"column":85}},"24":{"start":{"line":43,"column":4},"end":{"line":43,"column":25}},"25":{"start":{"line":48,"column":4},"end":{"line":65,"column":5}},"26":{"start":{"line":50,"column":21},"end":{"line":50,"column":48}},"27":{"start":{"line":51,"column":8},"end":{"line":53,"column":9}},"28":{"start":{"line":52,"column":12},"end":{"line":52,"column":55}},"29":{"start":{"line":56,"column":8},"end":{"line":56,"column":47}},"30":{"start":{"line":59,"column":8},"end":{"line":59,"column":26}},"31":{"start":{"line":62,"column":8},"end":{"line":62,"column":39}},"32":{"start":{"line":64,"column":8},"end":{"line":64,"column":78}},"33":{"start":{"line":70,"column":4},"end":{"line":84,"column":5}},"34":{"start":{"line":71,"column":23},"end":{"line":71,"column":58}},"35":{"start":{"line":72,"column":8},"end":{"line":74,"column":9}},"36":{"start":{"line":73,"column":12},"end":{"line":73,"column":55}},"37":{"start":{"line":75,"column":8},"end":{"line":77,"column":9}},"38":{"start":{"line":76,"column":12},"end":{"line":76,"column":34}},"39":{"start":{"line":79,"column":8},"end":{"line":79,"column":103}},"40":{"start":{"line":80,"column":8},"end":{"line":80,"column":28}},"41":{"start":{"line":81,"column":8},"end":{"line":81,"column":41}},"42":{"start":{"line":83,"column":8},"end":{"line":83,"column":74}},"43":{"start":{"line":89,"column":17},"end":{"line":95,"column":6}},"44":{"start":{"line":97,"column":4},"end":{"line":97,"column":35}},"45":{"start":{"line":101,"column":4},"end":{"line":105,"column":5}},"46":{"start":{"line":102,"column":8},"end":{"line":102,"column":45}},"47":{"start":{"line":104,"column":8},"end":{"line":104,"column":79}}},"fnMap":{"0":{"name":"mapUserToResource","decl":{"start":{"line":5,"column":15},"end":{"line":5,"column":32}},"loc":{"start":{"line":5,"column":96},"end":{"line":17,"column":1}},"line":5},"1":{"name":"updateUser","decl":{"start":{"line":19,"column":22},"end":{"line":19,"column":32}},"loc":{"start":{"line":19,"column":84},"end":{"line":36,"column":1}},"line":19},"2":{"name":"getUsersFromDB","decl":{"start":{"line":40,"column":22},"end":{"line":40,"column":36}},"loc":{"start":{"line":40,"column":64},"end":{"line":44,"column":1}},"line":40},"3":{"name":"(anonymous_3)","decl":{"start":{"line":42,"column":54},"end":{"line":42,"column":55}},"loc":{"start":{"line":42,"column":62},"end":{"line":42,"column":85}},"line":42},"4":{"name":"changeUser","decl":{"start":{"line":47,"column":22},"end":{"line":47,"column":32}},"loc":{"start":{"line":47,"column":114},"end":{"line":66,"column":1}},"line":47},"5":{"name":"changeCar","decl":{"start":{"line":69,"column":22},"end":{"line":69,"column":31}},"loc":{"start":{"line":69,"column":108},"end":{"line":85,"column":1}},"line":69},"6":{"name":"createUser","decl":{"start":{"line":88,"column":22},"end":{"line":88,"column":32}},"loc":{"start":{"line":88,"column":84},"end":{"line":98,"column":1}},"line":88},"7":{"name":"deleteUser","decl":{"start":{"line":100,"column":22},"end":{"line":100,"column":32}},"loc":{"start":{"line":100,"column":64},"end":{"line":106,"column":1}},"line":100}},"branchMap":{"0":{"loc":{"start":{"line":20,"column":4},"end":{"line":22,"column":5}},"type":"if","locations":[{"start":{"line":20,"column":4},"end":{"line":22,"column":5}},{"start":{},"end":{}}],"line":20},"1":{"loc":{"start":{"line":24,"column":4},"end":{"line":26,"column":5}},"type":"if","locations":[{"start":{"line":24,"column":4},"end":{"line":26,"column":5}},{"start":{},"end":{}}],"line":24},"2":{"loc":{"start":{"line":27,"column":4},"end":{"line":27,"column":57}},"type":"if","locations":[{"start":{"line":27,"column":4},"end":{"line":27,"column":57}},{"start":{},"end":{}}],"line":27},"3":{"loc":{"start":{"line":28,"column":4},"end":{"line":28,"column":69}},"type":"if","locations":[{"start":{"line":28,"column":4},"end":{"line":28,"column":69}},{"start":{},"end":{}}],"line":28},"4":{"loc":{"start":{"line":29,"column":4},"end":{"line":29,"column":81}},"type":"if","locations":[{"start":{"line":29,"column":4},"end":{"line":29,"column":81}},{"start":{},"end":{}}],"line":29},"5":{"loc":{"start":{"line":30,"column":4},"end":{"line":30,"column":69}},"type":"if","locations":[{"start":{"line":30,"column":4},"end":{"line":30,"column":69}},{"start":{},"end":{}}],"line":30},"6":{"loc":{"start":{"line":31,"column":4},"end":{"line":31,"column":69}},"type":"if","locations":[{"start":{"line":31,"column":4},"end":{"line":31,"column":69}},{"start":{},"end":{}}],"line":31},"7":{"loc":{"start":{"line":32,"column":4},"end":{"line":32,"column":69}},"type":"if","locations":[{"start":{"line":32,"column":4},"end":{"line":32,"column":69}},{"start":{},"end":{}}],"line":32},"8":{"loc":{"start":{"line":51,"column":8},"end":{"line":53,"column":9}},"type":"if","locations":[{"start":{"line":51,"column":8},"end":{"line":53,"column":9}},{"start":{},"end":{}}],"line":51},"9":{"loc":{"start":{"line":72,"column":8},"end":{"line":74,"column":9}},"type":"if","locations":[{"start":{"line":72,"column":8},"end":{"line":74,"column":9}},{"start":{},"end":{}}],"line":72},"10":{"loc":{"start":{"line":75,"column":8},"end":{"line":77,"column":9}},"type":"if","locations":[{"start":{"line":75,"column":8},"end":{"line":77,"column":9}},{"start":{},"end":{}}],"line":75}},"s":{"0":2,"1":2,"2":1,"3":0,"4":1,"5":1,"6":0,"7":1,"8":1,"9":1,"10":1,"11":1,"12":1,"13":1,"14":1,"15":1,"16":0,"17":1,"18":1,"19":1,"20":1,"21":0,"22":0,"23":0,"24":0,"25":0,"26":0,"27":0,"28":0,"29":0,"30":0,"31":0,"32":0,"33":0,"34":0,"35":0,"36":0,"37":0,"38":0,"39":0,"40":0,"41":0,"42":0,"43":1,"44":1,"45":0,"46":0,"47":0},"f":{"0":2,"1":1,"2":0,"3":0,"4":0,"5":0,"6":1,"7":0},"b":{"0":[0,1],"1":[0,1],"2":[1,0],"3":[1,0],"4":[1,0],"5":[1,0],"6":[0,1],"7":[1,0],"8":[0,0],"9":[0,0],"10":[0,0]},"_coverageSchema":"1a1c01bbd47fc00a2c39e90264f33305004495a9","hash":"109d1ce6f3caad8a17026cbfaf85ce3c545992de"}
,"C:\\Users\\mhamm\\Desktop\\SKM 2.0\\backend\\src\\db\\UserModel.ts": {"path":"C:\\Users\\mhamm\\Desktop\\SKM 2.0\\backend\\src\\db\\UserModel.ts","statementMap":{"0":{"start":{"line":28,"column":19},"end":{"line":40,"column":24}},"1":{"start":{"line":42,"column":0},"end":{"line":48,"column":2}},"2":{"start":{"line":43,"column":4},"end":{"line":45,"column":5}},"3":{"start":{"line":44,"column":8},"end":{"line":44,"column":50}},"4":{"start":{"line":46,"column":19},"end":{"line":46,"column":66}},"5":{"start":{"line":47,"column":4},"end":{"line":47,"column":18}},"6":{"start":{"line":50,"column":0},"end":{"line":56,"column":3}},"7":{"start":{"line":51,"column":4},"end":{"line":54,"column":5}},"8":{"start":{"line":52,"column":31},"end":{"line":52,"column":60}},"9":{"start":{"line":53,"column":8},"end":{"line":53,"column":39}},"10":{"start":{"line":55,"column":4},"end":{"line":55,"column":11}},"11":{"start":{"line":58,"column":20},"end":{"line":58,"column":63}}},"fnMap":{"0":{"name":"(anonymous_0)","decl":{"start":{"line":42,"column":39},"end":{"line":42,"column":40}},"loc":{"start":{"line":42,"column":100},"end":{"line":48,"column":1}},"line":42},"1":{"name":"(anonymous_1)","decl":{"start":{"line":50,"column":23},"end":{"line":50,"column":24}},"loc":{"start":{"line":50,"column":45},"end":{"line":56,"column":1}},"line":50}},"branchMap":{"0":{"loc":{"start":{"line":43,"column":4},"end":{"line":45,"column":5}},"type":"if","locations":[{"start":{"line":43,"column":4},"end":{"line":45,"column":5}},{"start":{},"end":{}}],"line":43},"1":{"loc":{"start":{"line":51,"column":4},"end":{"line":54,"column":5}},"type":"if","locations":[{"start":{"line":51,"column":4},"end":{"line":54,"column":5}},{"start":{},"end":{}}],"line":51}},"s":{"0":1,"1":1,"2":0,"3":0,"4":0,"5":0,"6":1,"7":4,"8":3,"9":3,"10":4,"11":1},"f":{"0":0,"1":4},"b":{"0":[0,0],"1":[3,1]},"_coverageSchema":"1a1c01bbd47fc00a2c39e90264f33305004495a9","hash":"2460e52119ef5307bcf98848097f5d1fb2073712"}
}
