{"C:\\Users\\kirin\\Fahrtenbuch\\Fahrtenbuch\\backend\\src\\Services\\FahrtService.ts": {"path":"C:\\Users\\kirin\\Fahrtenbuch\\Fahrtenbuch\\backend\\src\\Services\\FahrtService.ts","statementMap":{"0":{"start":{"line":6,"column":4},"end":{"line":14,"column":5}},"1":{"start":{"line":8,"column":22},"end":{"line":8,"column":62}},"2":{"start":{"line":11,"column":8},"end":{"line":11,"column":50}},"3":{"start":{"line":11,"column":33},"end":{"line":11,"column":48}},"4":{"start":{"line":13,"column":8},"end":{"line":13,"column":78}},"5":{"start":{"line":18,"column":4},"end":{"line":25,"column":5}},"6":{"start":{"line":19,"column":19},"end":{"line":19,"column":25}},"7":{"start":{"line":20,"column":22},"end":{"line":20,"column":54}},"8":{"start":{"line":22,"column":8},"end":{"line":22,"column":51}},"9":{"start":{"line":22,"column":34},"end":{"line":22,"column":50}},"10":{"start":{"line":24,"column":8},"end":{"line":24,"column":76}},"11":{"start":{"line":32,"column":4},"end":{"line":46,"column":5}},"12":{"start":{"line":33,"column":25},"end":{"line":41,"column":10}},"13":{"start":{"line":42,"column":27},"end":{"line":42,"column":48}},"14":{"start":{"line":43,"column":8},"end":{"line":43,"column":26}},"15":{"start":{"line":45,"column":8},"end":{"line":45,"column":77}},"16":{"start":{"line":52,"column":21},"end":{"line":52,"column":98}},"17":{"start":{"line":54,"column":4},"end":{"line":56,"column":5}},"18":{"start":{"line":55,"column":8},"end":{"line":55,"column":48}},"19":{"start":{"line":60,"column":4},"end":{"line":64,"column":5}},"20":{"start":{"line":61,"column":8},"end":{"line":61,"column":47}},"21":{"start":{"line":63,"column":8},"end":{"line":63,"column":75}}},"fnMap":{"0":{"name":"getFahrten","decl":{"start":{"line":5,"column":22},"end":{"line":5,"column":32}},"loc":{"start":{"line":5,"column":35},"end":{"line":15,"column":1}},"line":5},"1":{"name":"(anonymous_1)","decl":{"start":{"line":11,"column":25},"end":{"line":11,"column":26}},"loc":{"start":{"line":11,"column":33},"end":{"line":11,"column":48}},"line":11},"2":{"name":"getUserFahrten","decl":{"start":{"line":17,"column":22},"end":{"line":17,"column":36}},"loc":{"start":{"line":17,"column":53},"end":{"line":26,"column":1}},"line":17},"3":{"name":"(anonymous_3)","decl":{"start":{"line":22,"column":25},"end":{"line":22,"column":26}},"loc":{"start":{"line":22,"column":34},"end":{"line":22,"column":50}},"line":22},"4":{"name":"createUserFahrt","decl":{"start":{"line":31,"column":22},"end":{"line":31,"column":37}},"loc":{"start":{"line":31,"column":60},"end":{"line":47,"column":1}},"line":31},"5":{"name":"updateUserfahrt","decl":{"start":{"line":50,"column":22},"end":{"line":50,"column":37}},"loc":{"start":{"line":50,"column":68},"end":{"line":57,"column":1}},"line":50},"6":{"name":"deleteFahrt","decl":{"start":{"line":59,"column":22},"end":{"line":59,"column":33}},"loc":{"start":{"line":59,"column":51},"end":{"line":65,"column":1}},"line":59}},"branchMap":{"0":{"loc":{"start":{"line":54,"column":4},"end":{"line":56,"column":5}},"type":"if","locations":[{"start":{"line":54,"column":4},"end":{"line":56,"column":5}},{"start":{},"end":{}}],"line":54}},"s":{"0":1,"1":1,"2":1,"3":1,"4":0,"5":1,"6":1,"7":1,"8":1,"9":1,"10":0,"11":1,"12":1,"13":1,"14":1,"15":0,"16":1,"17":1,"18":0,"19":1,"20":1,"21":0},"f":{"0":1,"1":1,"2":1,"3":1,"4":1,"5":1,"6":1},"b":{"0":[0,1]},"_coverageSchema":"1a1c01bbd47fc00a2c39e90264f33305004495a9","hash":"afd12d96cac5928ec4970ccf2715300154ff60de"}
,"C:\\Users\\kirin\\Fahrtenbuch\\Fahrtenbuch\\backend\\src\\Services\\TestDb.ts": {"path":"C:\\Users\\kirin\\Fahrtenbuch\\Fahrtenbuch\\backend\\src\\Services\\TestDb.ts","statementMap":{"0":{"start":{"line":17,"column":31},"end":{"line":17,"column":36}},"1":{"start":{"line":20,"column":8},"end":{"line":22,"column":9}},"2":{"start":{"line":21,"column":12},"end":{"line":21,"column":58}},"3":{"start":{"line":27,"column":8},"end":{"line":27,"column":56}},"4":{"start":{"line":28,"column":20},"end":{"line":28,"column":41}},"5":{"start":{"line":29,"column":8},"end":{"line":29,"column":36}},"6":{"start":{"line":31,"column":8},"end":{"line":31,"column":32}},"7":{"start":{"line":35,"column":8},"end":{"line":46,"column":9}},"8":{"start":{"line":37,"column":12},"end":{"line":37,"column":46}},"9":{"start":{"line":40,"column":12},"end":{"line":43,"column":13}},"10":{"start":{"line":41,"column":16},"end":{"line":41,"column":36}},"11":{"start":{"line":42,"column":16},"end":{"line":42,"column":41}},"12":{"start":{"line":45,"column":12},"end":{"line":45,"column":37}},"13":{"start":{"line":51,"column":8},"end":{"line":53,"column":9}},"14":{"start":{"line":52,"column":12},"end":{"line":52,"column":54}},"15":{"start":{"line":56,"column":28},"end":{"line":56,"column":74}},"16":{"start":{"line":57,"column":8},"end":{"line":59,"column":9}},"17":{"start":{"line":58,"column":12},"end":{"line":58,"column":44}}},"fnMap":{"0":{"name":"(anonymous_0)","decl":{"start":{"line":19,"column":4},"end":{"line":19,"column":5}},"loc":{"start":{"line":19,"column":27},"end":{"line":32,"column":5}},"line":19},"1":{"name":"(anonymous_1)","decl":{"start":{"line":34,"column":4},"end":{"line":34,"column":5}},"loc":{"start":{"line":34,"column":25},"end":{"line":48,"column":5}},"line":34},"2":{"name":"(anonymous_2)","decl":{"start":{"line":50,"column":4},"end":{"line":50,"column":5}},"loc":{"start":{"line":50,"column":25},"end":{"line":60,"column":5}},"line":50}},"branchMap":{"0":{"loc":{"start":{"line":20,"column":8},"end":{"line":22,"column":9}},"type":"if","locations":[{"start":{"line":20,"column":8},"end":{"line":22,"column":9}},{"start":{},"end":{}}],"line":20},"1":{"loc":{"start":{"line":35,"column":8},"end":{"line":46,"column":9}},"type":"if","locations":[{"start":{"line":35,"column":8},"end":{"line":46,"column":9}},{"start":{},"end":{}}],"line":35},"2":{"loc":{"start":{"line":40,"column":12},"end":{"line":43,"column":13}},"type":"if","locations":[{"start":{"line":40,"column":12},"end":{"line":43,"column":13}},{"start":{},"end":{}}],"line":40},"3":{"loc":{"start":{"line":51,"column":8},"end":{"line":53,"column":9}},"type":"if","locations":[{"start":{"line":51,"column":8},"end":{"line":53,"column":9}},{"start":{},"end":{}}],"line":51}},"s":{"0":4,"1":4,"2":0,"3":4,"4":4,"5":4,"6":4,"7":4,"8":4,"9":4,"10":4,"11":4,"12":4,"13":26,"14":0,"15":26,"16":26,"17":33},"f":{"0":4,"1":4,"2":26},"b":{"0":[0,4],"1":[4,0],"2":[4,0],"3":[0,26]},"_coverageSchema":"1a1c01bbd47fc00a2c39e90264f33305004495a9","hash":"26a710c1198321e2e98ee48143e88f5bbf1d2082"}
,"C:\\Users\\kirin\\Fahrtenbuch\\Fahrtenbuch\\backend\\src\\Services\\UserService.ts": {"path":"C:\\Users\\kirin\\Fahrtenbuch\\Fahrtenbuch\\backend\\src\\Services\\UserService.ts","statementMap":{"0":{"start":{"line":6,"column":39},"end":{"line":15,"column":5}},"1":{"start":{"line":16,"column":4},"end":{"line":16,"column":24}},"2":{"start":{"line":20,"column":4},"end":{"line":22,"column":5}},"3":{"start":{"line":21,"column":8},"end":{"line":21,"column":59}},"4":{"start":{"line":23,"column":17},"end":{"line":23,"column":60}},"5":{"start":{"line":24,"column":4},"end":{"line":26,"column":5}},"6":{"start":{"line":25,"column":8},"end":{"line":25,"column":84}},"7":{"start":{"line":27,"column":4},"end":{"line":27,"column":57}},"8":{"start":{"line":27,"column":27},"end":{"line":27,"column":57}},"9":{"start":{"line":28,"column":4},"end":{"line":28,"column":69}},"10":{"start":{"line":28,"column":31},"end":{"line":28,"column":69}},"11":{"start":{"line":29,"column":4},"end":{"line":29,"column":81}},"12":{"start":{"line":29,"column":49},"end":{"line":29,"column":81}},"13":{"start":{"line":30,"column":4},"end":{"line":30,"column":69}},"14":{"start":{"line":30,"column":31},"end":{"line":30,"column":69}},"15":{"start":{"line":31,"column":4},"end":{"line":31,"column":69}},"16":{"start":{"line":31,"column":31},"end":{"line":31,"column":69}},"17":{"start":{"line":32,"column":4},"end":{"line":32,"column":90}},"18":{"start":{"line":32,"column":52},"end":{"line":32,"column":90}},"19":{"start":{"line":34,"column":22},"end":{"line":34,"column":39}},"20":{"start":{"line":35,"column":4},"end":{"line":35,"column":39}},"21":{"start":{"line":41,"column":18},"end":{"line":41,"column":57}},"22":{"start":{"line":42,"column":26},"end":{"line":42,"column":87}},"23":{"start":{"line":42,"column":62},"end":{"line":42,"column":85}},"24":{"start":{"line":43,"column":4},"end":{"line":43,"column":25}},"25":{"start":{"line":48,"column":4},"end":{"line":65,"column":5}},"26":{"start":{"line":50,"column":21},"end":{"line":50,"column":48}},"27":{"start":{"line":51,"column":8},"end":{"line":53,"column":9}},"28":{"start":{"line":52,"column":12},"end":{"line":52,"column":55}},"29":{"start":{"line":56,"column":8},"end":{"line":56,"column":47}},"30":{"start":{"line":59,"column":8},"end":{"line":59,"column":26}},"31":{"start":{"line":62,"column":8},"end":{"line":62,"column":39}},"32":{"start":{"line":64,"column":8},"end":{"line":64,"column":78}},"33":{"start":{"line":75,"column":4},"end":{"line":89,"column":5}},"34":{"start":{"line":76,"column":23},"end":{"line":76,"column":58}},"35":{"start":{"line":77,"column":8},"end":{"line":79,"column":9}},"36":{"start":{"line":78,"column":12},"end":{"line":78,"column":55}},"37":{"start":{"line":80,"column":8},"end":{"line":82,"column":9}},"38":{"start":{"line":81,"column":12},"end":{"line":81,"column":34}},"39":{"start":{"line":84,"column":8},"end":{"line":84,"column":103}},"40":{"start":{"line":85,"column":8},"end":{"line":85,"column":28}},"41":{"start":{"line":86,"column":8},"end":{"line":86,"column":41}},"42":{"start":{"line":88,"column":8},"end":{"line":88,"column":74}},"43":{"start":{"line":94,"column":17},"end":{"line":100,"column":6}},"44":{"start":{"line":102,"column":4},"end":{"line":102,"column":35}},"45":{"start":{"line":106,"column":4},"end":{"line":110,"column":5}},"46":{"start":{"line":107,"column":8},"end":{"line":107,"column":45}},"47":{"start":{"line":109,"column":8},"end":{"line":109,"column":79}},"48":{"start":{"line":114,"column":17},"end":{"line":114,"column":51}},"49":{"start":{"line":116,"column":4},"end":{"line":116,"column":40}}},"fnMap":{"0":{"name":"mapUserToResource","decl":{"start":{"line":5,"column":15},"end":{"line":5,"column":32}},"loc":{"start":{"line":5,"column":96},"end":{"line":17,"column":1}},"line":5},"1":{"name":"updateUser","decl":{"start":{"line":19,"column":22},"end":{"line":19,"column":32}},"loc":{"start":{"line":19,"column":84},"end":{"line":36,"column":1}},"line":19},"2":{"name":"getUsersFromDB","decl":{"start":{"line":40,"column":22},"end":{"line":40,"column":36}},"loc":{"start":{"line":40,"column":64},"end":{"line":44,"column":1}},"line":40},"3":{"name":"(anonymous_3)","decl":{"start":{"line":42,"column":54},"end":{"line":42,"column":55}},"loc":{"start":{"line":42,"column":62},"end":{"line":42,"column":85}},"line":42},"4":{"name":"changeUser","decl":{"start":{"line":47,"column":22},"end":{"line":47,"column":32}},"loc":{"start":{"line":47,"column":114},"end":{"line":66,"column":1}},"line":47},"5":{"name":"changeCar","decl":{"start":{"line":74,"column":22},"end":{"line":74,"column":31}},"loc":{"start":{"line":74,"column":108},"end":{"line":90,"column":1}},"line":74},"6":{"name":"createUser","decl":{"start":{"line":93,"column":22},"end":{"line":93,"column":32}},"loc":{"start":{"line":93,"column":84},"end":{"line":103,"column":1}},"line":93},"7":{"name":"deleteUser","decl":{"start":{"line":105,"column":22},"end":{"line":105,"column":32}},"loc":{"start":{"line":105,"column":64},"end":{"line":111,"column":1}},"line":105},"8":{"name":"getUser","decl":{"start":{"line":113,"column":22},"end":{"line":113,"column":29}},"loc":{"start":{"line":113,"column":45},"end":{"line":117,"column":1}},"line":113}},"branchMap":{"0":{"loc":{"start":{"line":20,"column":4},"end":{"line":22,"column":5}},"type":"if","locations":[{"start":{"line":20,"column":4},"end":{"line":22,"column":5}},{"start":{},"end":{}}],"line":20},"1":{"loc":{"start":{"line":24,"column":4},"end":{"line":26,"column":5}},"type":"if","locations":[{"start":{"line":24,"column":4},"end":{"line":26,"column":5}},{"start":{},"end":{}}],"line":24},"2":{"loc":{"start":{"line":27,"column":4},"end":{"line":27,"column":57}},"type":"if","locations":[{"start":{"line":27,"column":4},"end":{"line":27,"column":57}},{"start":{},"end":{}}],"line":27},"3":{"loc":{"start":{"line":28,"column":4},"end":{"line":28,"column":69}},"type":"if","locations":[{"start":{"line":28,"column":4},"end":{"line":28,"column":69}},{"start":{},"end":{}}],"line":28},"4":{"loc":{"start":{"line":29,"column":4},"end":{"line":29,"column":81}},"type":"if","locations":[{"start":{"line":29,"column":4},"end":{"line":29,"column":81}},{"start":{},"end":{}}],"line":29},"5":{"loc":{"start":{"line":30,"column":4},"end":{"line":30,"column":69}},"type":"if","locations":[{"start":{"line":30,"column":4},"end":{"line":30,"column":69}},{"start":{},"end":{}}],"line":30},"6":{"loc":{"start":{"line":31,"column":4},"end":{"line":31,"column":69}},"type":"if","locations":[{"start":{"line":31,"column":4},"end":{"line":31,"column":69}},{"start":{},"end":{}}],"line":31},"7":{"loc":{"start":{"line":32,"column":4},"end":{"line":32,"column":90}},"type":"if","locations":[{"start":{"line":32,"column":4},"end":{"line":32,"column":90}},{"start":{},"end":{}}],"line":32},"8":{"loc":{"start":{"line":51,"column":8},"end":{"line":53,"column":9}},"type":"if","locations":[{"start":{"line":51,"column":8},"end":{"line":53,"column":9}},{"start":{},"end":{}}],"line":51},"9":{"loc":{"start":{"line":77,"column":8},"end":{"line":79,"column":9}},"type":"if","locations":[{"start":{"line":77,"column":8},"end":{"line":79,"column":9}},{"start":{},"end":{}}],"line":77},"10":{"loc":{"start":{"line":80,"column":8},"end":{"line":82,"column":9}},"type":"if","locations":[{"start":{"line":80,"column":8},"end":{"line":82,"column":9}},{"start":{},"end":{}}],"line":80}},"s":{"0":8,"1":8,"2":1,"3":0,"4":1,"5":1,"6":0,"7":1,"8":1,"9":1,"10":1,"11":1,"12":1,"13":1,"14":1,"15":1,"16":0,"17":1,"18":1,"19":1,"20":1,"21":1,"22":1,"23":2,"24":1,"25":2,"26":2,"27":2,"28":1,"29":1,"30":1,"31":1,"32":1,"33":1,"34":1,"35":1,"36":0,"37":1,"38":0,"39":1,"40":1,"41":1,"42":0,"43":4,"44":3,"45":2,"46":2,"47":1,"48":0,"49":0},"f":{"0":8,"1":1,"2":1,"3":2,"4":2,"5":1,"6":4,"7":2,"8":0},"b":{"0":[0,1],"1":[0,1],"2":[1,0],"3":[1,0],"4":[1,0],"5":[1,0],"6":[0,1],"7":[1,0],"8":[1,1],"9":[0,1],"10":[0,1]},"_coverageSchema":"1a1c01bbd47fc00a2c39e90264f33305004495a9","hash":"40f51775d76401ae1446018b02f854b2e0509a08"}
,"C:\\Users\\kirin\\Fahrtenbuch\\Fahrtenbuch\\backend\\src\\db\\FahrtModel.ts": {"path":"C:\\Users\\kirin\\Fahrtenbuch\\Fahrtenbuch\\backend\\src\\db\\FahrtModel.ts","statementMap":{"0":{"start":{"line":17,"column":20},"end":{"line":26,"column":24}},"1":{"start":{"line":28,"column":21},"end":{"line":28,"column":68}}},"fnMap":{},"branchMap":{},"s":{"0":2,"1":2},"f":{},"b":{},"_coverageSchema":"1a1c01bbd47fc00a2c39e90264f33305004495a9","hash":"c2d567a32e2cc33586bf00751f4c2e829d6b8a0f"}
,"C:\\Users\\kirin\\Fahrtenbuch\\Fahrtenbuch\\backend\\src\\db\\UserModel.ts": {"path":"C:\\Users\\kirin\\Fahrtenbuch\\Fahrtenbuch\\backend\\src\\db\\UserModel.ts","statementMap":{"0":{"start":{"line":28,"column":19},"end":{"line":40,"column":24}},"1":{"start":{"line":42,"column":0},"end":{"line":48,"column":2}},"2":{"start":{"line":43,"column":4},"end":{"line":45,"column":5}},"3":{"start":{"line":44,"column":8},"end":{"line":44,"column":50}},"4":{"start":{"line":46,"column":19},"end":{"line":46,"column":66}},"5":{"start":{"line":47,"column":4},"end":{"line":47,"column":18}},"6":{"start":{"line":50,"column":0},"end":{"line":56,"column":3}},"7":{"start":{"line":51,"column":4},"end":{"line":54,"column":5}},"8":{"start":{"line":52,"column":31},"end":{"line":52,"column":60}},"9":{"start":{"line":53,"column":8},"end":{"line":53,"column":39}},"10":{"start":{"line":55,"column":4},"end":{"line":55,"column":11}},"11":{"start":{"line":58,"column":20},"end":{"line":58,"column":63}}},"fnMap":{"0":{"name":"(anonymous_0)","decl":{"start":{"line":42,"column":39},"end":{"line":42,"column":40}},"loc":{"start":{"line":42,"column":100},"end":{"line":48,"column":1}},"line":42},"1":{"name":"(anonymous_1)","decl":{"start":{"line":50,"column":23},"end":{"line":50,"column":24}},"loc":{"start":{"line":50,"column":45},"end":{"line":56,"column":1}},"line":50}},"branchMap":{"0":{"loc":{"start":{"line":43,"column":4},"end":{"line":45,"column":5}},"type":"if","locations":[{"start":{"line":43,"column":4},"end":{"line":45,"column":5}},{"start":{},"end":{}}],"line":43},"1":{"loc":{"start":{"line":51,"column":4},"end":{"line":54,"column":5}},"type":"if","locations":[{"start":{"line":51,"column":4},"end":{"line":54,"column":5}},{"start":{},"end":{}}],"line":51}},"s":{"0":4,"1":4,"2":2,"3":1,"4":1,"5":1,"6":4,"7":49,"8":44,"9":44,"10":49,"11":4},"f":{"0":2,"1":49},"b":{"0":[1,1],"1":[44,5]},"_coverageSchema":"1a1c01bbd47fc00a2c39e90264f33305004495a9","hash":"804ba86443ea0d79163d9eef9790b8aad93d40cd"}
}
