TN:
SF:src\Test\TestDb.ts
FN:19,(anonymous_0)
FN:34,(anonymous_1)
FN:50,(anonymous_2)
FNF:3
FNH:3
FNDA:2,(anonymous_0)
FNDA:2,(anonymous_1)
FNDA:10,(anonymous_2)
DA:17,2
DA:20,2
DA:21,0
DA:27,2
DA:28,2
DA:29,2
DA:31,2
DA:35,2
DA:37,2
DA:40,2
DA:41,2
DA:42,2
DA:45,2
DA:51,10
DA:52,0
DA:56,10
DA:57,10
DA:58,12
LF:18
LH:16
BRDA:20,0,0,0
BRDA:20,0,1,2
BRDA:35,1,0,2
BRDA:35,1,1,0
BRDA:40,2,0,2
BRDA:40,2,1,0
BRDA:51,3,0,0
BRDA:51,3,1,10
BRF:8
BRH:4
end_of_record
TN:
SF:src\db\FahrtModel.ts
FNF:0
FNH:0
DA:17,1
DA:28,1
LF:2
LH:2
BRF:0
BRH:0
end_of_record
TN:
SF:src\db\UserModel.ts
FN:42,(anonymous_0)
FN:50,(anonymous_1)
FNF:2
FNH:2
FNDA:2,(anonymous_0)
FNDA:18,(anonymous_1)
DA:28,2
DA:42,2
DA:43,2
DA:44,1
DA:46,1
DA:47,1
DA:50,2
DA:51,18
DA:52,16
DA:53,16
DA:55,18
DA:58,2
LF:12
LH:12
BRDA:43,0,0,1
BRDA:43,0,1,1
BRDA:51,1,0,16
BRDA:51,1,1,2
BRF:4
BRH:4
end_of_record
