TN:
SF:src\Services\TestDb.ts
FN:19,(anonymous_0)
FN:34,(anonymous_1)
FN:50,(anonymous_2)
FNF:3
FNH:3
FNDA:1,(anonymous_0)
FNDA:1,(anonymous_1)
FNDA:1,(anonymous_2)
DA:17,1
DA:20,1
DA:21,0
DA:27,1
DA:28,1
DA:29,1
DA:31,1
DA:35,1
DA:37,1
DA:40,1
DA:41,1
DA:42,1
DA:45,1
DA:51,1
DA:52,0
DA:56,1
DA:57,1
DA:58,1
LF:18
LH:16
BRDA:20,0,0,0
BRDA:20,0,1,1
BRDA:35,1,0,1
BRDA:35,1,1,0
BRDA:40,2,0,1
BRDA:40,2,1,0
BRDA:51,3,0,0
BRDA:51,3,1,1
BRF:8
BRH:4
end_of_record
TN:
SF:src\Services\UserService.ts
FN:5,mapUserToResource
FN:19,updateUser
FN:40,getUsersFromDB
FN:42,(anonymous_3)
FN:47,changeUser
FN:69,changeCar
FN:88,createUser
FN:100,deleteUser
FNF:8
FNH:3
FNDA:2,mapUserToResource
FNDA:1,updateUser
FNDA:0,getUsersFromDB
FNDA:0,(anonymous_3)
FNDA:0,changeUser
FNDA:0,changeCar
FNDA:1,createUser
FNDA:0,deleteUser
DA:6,2
DA:16,2
DA:20,1
DA:21,0
DA:23,1
DA:24,1
DA:25,0
DA:27,1
DA:28,1
DA:29,1
DA:30,1
DA:31,1
DA:32,1
DA:34,1
DA:35,1
DA:41,0
DA:42,0
DA:43,0
DA:48,0
DA:50,0
DA:51,0
DA:52,0
DA:56,0
DA:59,0
DA:62,0
DA:64,0
DA:70,0
DA:71,0
DA:72,0
DA:73,0
DA:75,0
DA:76,0
DA:79,0
DA:80,0
DA:81,0
DA:83,0
DA:89,1
DA:97,1
DA:101,0
DA:102,0
DA:104,0
LF:41
LH:15
BRDA:20,0,0,0
BRDA:20,0,1,1
BRDA:24,1,0,0
BRDA:24,1,1,1
BRDA:27,2,0,1
BRDA:27,2,1,0
BRDA:28,3,0,1
BRDA:28,3,1,0
BRDA:29,4,0,1
BRDA:29,4,1,0
BRDA:30,5,0,1
BRDA:30,5,1,0
BRDA:31,6,0,0
BRDA:31,6,1,1
BRDA:32,7,0,1
BRDA:32,7,1,0
BRDA:51,8,0,0
BRDA:51,8,1,0
BRDA:72,9,0,0
BRDA:72,9,1,0
BRDA:75,10,0,0
BRDA:75,10,1,0
BRF:22
BRH:8
end_of_record
TN:
SF:src\db\UserModel.ts
FN:42,(anonymous_0)
FN:50,(anonymous_1)
FNF:2
FNH:1
FNDA:0,(anonymous_0)
FNDA:4,(anonymous_1)
DA:28,1
DA:42,1
DA:43,0
DA:44,0
DA:46,0
DA:47,0
DA:50,1
DA:51,4
DA:52,3
DA:53,3
DA:55,4
DA:58,1
LF:12
LH:8
BRDA:43,0,0,0
BRDA:43,0,1,0
BRDA:51,1,0,3
BRDA:51,1,1,1
BRF:4
BRH:2
end_of_record
